[2024-06-19 13:13:27,115] {taskinstance.py:1179} INFO - Dependencies all met for <TaskInstance: tecnica_postgres.Crear_tabla manual__2024-06-19T13:13:26.281084+00:00 [queued]>
[2024-06-19 13:13:27,136] {taskinstance.py:1179} INFO - Dependencies all met for <TaskInstance: tecnica_postgres.Crear_tabla manual__2024-06-19T13:13:26.281084+00:00 [queued]>
[2024-06-19 13:13:27,137] {taskinstance.py:1376} INFO - 
--------------------------------------------------------------------------------
[2024-06-19 13:13:27,138] {taskinstance.py:1377} INFO - Starting attempt 1 of 2
[2024-06-19 13:13:27,138] {taskinstance.py:1378} INFO - 
--------------------------------------------------------------------------------
[2024-06-19 13:13:27,163] {taskinstance.py:1397} INFO - Executing <Task(PostgresOperator): Crear_tabla> on 2024-06-19 13:13:26.281084+00:00
[2024-06-19 13:13:27,170] {standard_task_runner.py:52} INFO - Started process 472 to run task
[2024-06-19 13:13:27,173] {standard_task_runner.py:79} INFO - Running: ['***', 'tasks', 'run', 'tecnica_postgres', 'Crear_tabla', 'manual__2024-06-19T13:13:26.281084+00:00', '--job-id', '24', '--raw', '--subdir', 'DAGS_FOLDER/tecnica_posgres.py', '--cfg-path', '/var/tmp/tmpvv1_ndy6', '--error-file', '/var/tmp/tmp9wkmptls']
[2024-06-19 13:13:27,174] {standard_task_runner.py:80} INFO - Job 24: Subtask Crear_tabla
[2024-06-19 13:13:27,281] {task_command.py:371} INFO - Running <TaskInstance: tecnica_postgres.Crear_tabla manual__2024-06-19T13:13:26.281084+00:00 [running]> on host 8328f391602b
[2024-06-19 13:13:27,408] {taskinstance.py:1591} INFO - Exporting the following env vars:
AIRFLOW_CTX_DAG_OWNER=***
AIRFLOW_CTX_DAG_ID=tecnica_postgres
AIRFLOW_CTX_TASK_ID=Crear_tabla
AIRFLOW_CTX_EXECUTION_DATE=2024-06-19T13:13:26.281084+00:00
AIRFLOW_CTX_TRY_NUMBER=1
AIRFLOW_CTX_DAG_RUN_ID=manual__2024-06-19T13:13:26.281084+00:00
[2024-06-19 13:13:27,421] {base.py:68} INFO - Using connection ID 'postgres_localhost' for task execution.
[2024-06-19 13:13:27,437] {dbapi.py:231} INFO - Running statement: 
        CREATE TABLE IF NOT EXISTS tecnica_ml (
            id VARCHAR(100),
            title VARCHAR(100),
            price VARCHAR(100),
            thumbnail VARCHAR(100),
            created_date VARCHAR(8),
            PRIMARY KEY (id, created_date)
        );
        , parameters: None
[2024-06-19 13:13:27,443] {postgres.py:94} INFO - NOTICE:  relation "tecnica_ml" already exists, skipping

[2024-06-19 13:13:27,592] {taskinstance.py:1420} INFO - Marking task as SUCCESS. dag_id=tecnica_postgres, task_id=Crear_tabla, execution_date=20240619T131326, start_date=20240619T131327, end_date=20240619T131327
[2024-06-19 13:13:27,628] {local_task_job.py:156} INFO - Task exited with return code 0
[2024-06-19 13:13:27,673] {local_task_job.py:273} INFO - 0 downstream tasks scheduled from follow-on schedule check
