[2024-06-19 13:05:15,576] {taskinstance.py:1179} INFO - Dependencies all met for <TaskInstance: tecnica_postgres.Crear_tabla manual__2024-06-19T13:05:13.046191+00:00 [queued]>
[2024-06-19 13:05:15,591] {taskinstance.py:1179} INFO - Dependencies all met for <TaskInstance: tecnica_postgres.Crear_tabla manual__2024-06-19T13:05:13.046191+00:00 [queued]>
[2024-06-19 13:05:15,591] {taskinstance.py:1376} INFO - 
--------------------------------------------------------------------------------
[2024-06-19 13:05:15,592] {taskinstance.py:1377} INFO - Starting attempt 1 of 2
[2024-06-19 13:05:15,593] {taskinstance.py:1378} INFO - 
--------------------------------------------------------------------------------
[2024-06-19 13:05:15,621] {taskinstance.py:1397} INFO - Executing <Task(PostgresOperator): Crear_tabla> on 2024-06-19 13:05:13.046191+00:00
[2024-06-19 13:05:15,628] {standard_task_runner.py:52} INFO - Started process 226 to run task
[2024-06-19 13:05:15,632] {standard_task_runner.py:79} INFO - Running: ['***', 'tasks', 'run', 'tecnica_postgres', 'Crear_tabla', 'manual__2024-06-19T13:05:13.046191+00:00', '--job-id', '21', '--raw', '--subdir', 'DAGS_FOLDER/tecnica_posgres.py', '--cfg-path', '/var/tmp/tmpci1p2rnp', '--error-file', '/var/tmp/tmp9hm8n8j4']
[2024-06-19 13:05:15,633] {standard_task_runner.py:80} INFO - Job 21: Subtask Crear_tabla
[2024-06-19 13:05:15,786] {task_command.py:371} INFO - Running <TaskInstance: tecnica_postgres.Crear_tabla manual__2024-06-19T13:05:13.046191+00:00 [running]> on host 8328f391602b
[2024-06-19 13:05:15,923] {taskinstance.py:1591} INFO - Exporting the following env vars:
AIRFLOW_CTX_DAG_OWNER=***
AIRFLOW_CTX_DAG_ID=tecnica_postgres
AIRFLOW_CTX_TASK_ID=Crear_tabla
AIRFLOW_CTX_EXECUTION_DATE=2024-06-19T13:05:13.046191+00:00
AIRFLOW_CTX_TRY_NUMBER=1
AIRFLOW_CTX_DAG_RUN_ID=manual__2024-06-19T13:05:13.046191+00:00
[2024-06-19 13:05:15,939] {base.py:68} INFO - Using connection ID 'postgres_localhost' for task execution.
[2024-06-19 13:05:15,961] {dbapi.py:231} INFO - Running statement: 
        CREATE TABLE IF NOT EXISTS tecnica_ml (
            id VARCHAR(100),
            title VARCHAR(100),
            price VARCHAR(100),
            thumbnail VARCHAR(100),
            created_date VARCHAR(8),
            PRIMARY KEY (id, created_date)
        );
        , parameters: None
[2024-06-19 13:05:15,982] {postgres.py:94} INFO - NOTICE:  relation "tecnica_ml" already exists, skipping

[2024-06-19 13:05:16,954] {taskinstance.py:1420} INFO - Marking task as SUCCESS. dag_id=tecnica_postgres, task_id=Crear_tabla, execution_date=20240619T130513, start_date=20240619T130515, end_date=20240619T130516
[2024-06-19 13:05:17,051] {local_task_job.py:156} INFO - Task exited with return code 0
[2024-06-19 13:05:17,124] {local_task_job.py:273} INFO - 1 downstream tasks scheduled from follow-on schedule check
