[2024-06-19 04:10:55,635] {taskinstance.py:1179} INFO - Dependencies all met for <TaskInstance: tecnica_postgres.Crear_tabla manual__2024-06-19T04:10:54.786728+00:00 [queued]>
[2024-06-19 04:10:55,648] {taskinstance.py:1179} INFO - Dependencies all met for <TaskInstance: tecnica_postgres.Crear_tabla manual__2024-06-19T04:10:54.786728+00:00 [queued]>
[2024-06-19 04:10:55,648] {taskinstance.py:1376} INFO - 
--------------------------------------------------------------------------------
[2024-06-19 04:10:55,648] {taskinstance.py:1377} INFO - Starting attempt 1 of 2
[2024-06-19 04:10:55,649] {taskinstance.py:1378} INFO - 
--------------------------------------------------------------------------------
[2024-06-19 04:10:55,668] {taskinstance.py:1397} INFO - Executing <Task(PostgresOperator): Crear_tabla> on 2024-06-19 04:10:54.786728+00:00
[2024-06-19 04:10:55,674] {standard_task_runner.py:52} INFO - Started process 864 to run task
[2024-06-19 04:10:55,677] {standard_task_runner.py:79} INFO - Running: ['***', 'tasks', 'run', 'tecnica_postgres', 'Crear_tabla', 'manual__2024-06-19T04:10:54.786728+00:00', '--job-id', '17', '--raw', '--subdir', 'DAGS_FOLDER/tecnica_posgres.py', '--cfg-path', '/var/tmp/tmpn1gwr975', '--error-file', '/var/tmp/tmp38r9x_mn']
[2024-06-19 04:10:55,678] {standard_task_runner.py:80} INFO - Job 17: Subtask Crear_tabla
[2024-06-19 04:10:55,751] {task_command.py:371} INFO - Running <TaskInstance: tecnica_postgres.Crear_tabla manual__2024-06-19T04:10:54.786728+00:00 [running]> on host c165e7139fa2
[2024-06-19 04:10:55,844] {taskinstance.py:1591} INFO - Exporting the following env vars:
AIRFLOW_CTX_DAG_OWNER=***
AIRFLOW_CTX_DAG_ID=tecnica_postgres
AIRFLOW_CTX_TASK_ID=Crear_tabla
AIRFLOW_CTX_EXECUTION_DATE=2024-06-19T04:10:54.786728+00:00
AIRFLOW_CTX_TRY_NUMBER=1
AIRFLOW_CTX_DAG_RUN_ID=manual__2024-06-19T04:10:54.786728+00:00
[2024-06-19 04:10:55,857] {base.py:68} INFO - Using connection ID 'postgres_localhost' for task execution.
[2024-06-19 04:10:55,871] {dbapi.py:231} INFO - Running statement: 
        CREATE TABLE IF NOT EXISTS tecnica_ml (
            Id VARCHAR(100),
            Title VARCHAR(100),
            Price VARCHAR(100),
            Thumbnail VARCHAR(100),
            Created_date VARCHAR(8),
            PRIMARY KEY (id, created_date)
        );
        , parameters: None
[2024-06-19 04:10:56,168] {taskinstance.py:1420} INFO - Marking task as SUCCESS. dag_id=tecnica_postgres, task_id=Crear_tabla, execution_date=20240619T041054, start_date=20240619T041055, end_date=20240619T041056
[2024-06-19 04:10:56,212] {local_task_job.py:156} INFO - Task exited with return code 0
[2024-06-19 04:10:56,269] {local_task_job.py:273} INFO - 1 downstream tasks scheduled from follow-on schedule check
