[2024-06-19 02:37:51,225] {taskinstance.py:1179} INFO - Dependencies all met for <TaskInstance: tecnica_postgres.Crear_tabla manual__2024-06-19T02:37:50.187090+00:00 [queued]>
[2024-06-19 02:37:51,237] {taskinstance.py:1179} INFO - Dependencies all met for <TaskInstance: tecnica_postgres.Crear_tabla manual__2024-06-19T02:37:50.187090+00:00 [queued]>
[2024-06-19 02:37:51,237] {taskinstance.py:1376} INFO - 
--------------------------------------------------------------------------------
[2024-06-19 02:37:51,238] {taskinstance.py:1377} INFO - Starting attempt 1 of 2
[2024-06-19 02:37:51,238] {taskinstance.py:1378} INFO - 
--------------------------------------------------------------------------------
[2024-06-19 02:37:51,256] {taskinstance.py:1397} INFO - Executing <Task(PostgresOperator): Crear_tabla> on 2024-06-19 02:37:50.187090+00:00
[2024-06-19 02:37:51,261] {standard_task_runner.py:52} INFO - Started process 936 to run task
[2024-06-19 02:37:51,264] {standard_task_runner.py:79} INFO - Running: ['***', 'tasks', 'run', 'tecnica_postgres', 'Crear_tabla', 'manual__2024-06-19T02:37:50.187090+00:00', '--job-id', '3', '--raw', '--subdir', 'DAGS_FOLDER/tecnica_posgres.py', '--cfg-path', '/var/tmp/tmpkckbonlf', '--error-file', '/var/tmp/tmpelp2d12s']
[2024-06-19 02:37:51,265] {standard_task_runner.py:80} INFO - Job 3: Subtask Crear_tabla
[2024-06-19 02:37:51,365] {task_command.py:371} INFO - Running <TaskInstance: tecnica_postgres.Crear_tabla manual__2024-06-19T02:37:50.187090+00:00 [running]> on host f8e18ce51c9d
[2024-06-19 02:37:51,661] {taskinstance.py:1591} INFO - Exporting the following env vars:
AIRFLOW_CTX_DAG_OWNER=***
AIRFLOW_CTX_DAG_ID=tecnica_postgres
AIRFLOW_CTX_TASK_ID=Crear_tabla
AIRFLOW_CTX_EXECUTION_DATE=2024-06-19T02:37:50.187090+00:00
AIRFLOW_CTX_TRY_NUMBER=1
AIRFLOW_CTX_DAG_RUN_ID=manual__2024-06-19T02:37:50.187090+00:00
[2024-06-19 02:37:51,674] {base.py:68} INFO - Using connection ID 'postgres_localhost' for task execution.
[2024-06-19 02:37:51,688] {dbapi.py:231} INFO - Running statement: 
        CREATE TABLE IF NOT EXISTS tecnica_ml (
            id VARCHAR(30),
            site_id VARCHAR(30),
            title VARCHAR(50),
            price VARCHAR(10),
            sold_quantity VARCHAR(20),
            thumbnail VARCHAR(50),
            created_date VARCHAR(8),
            PRIMARY KEY (id, created_date)
        );
        , parameters: None
[2024-06-19 02:37:51,758] {taskinstance.py:1420} INFO - Marking task as SUCCESS. dag_id=tecnica_postgres, task_id=Crear_tabla, execution_date=20240619T023750, start_date=20240619T023751, end_date=20240619T023751
[2024-06-19 02:37:51,797] {local_task_job.py:156} INFO - Task exited with return code 0
[2024-06-19 02:37:51,842] {local_task_job.py:273} INFO - 0 downstream tasks scheduled from follow-on schedule check
