[2024-06-19 04:09:16,090] {taskinstance.py:1179} INFO - Dependencies all met for <TaskInstance: tecnica_postgres.Insertar_Data manual__2024-06-19T04:09:13.758055+00:00 [queued]>
[2024-06-19 04:09:16,206] {taskinstance.py:1179} INFO - Dependencies all met for <TaskInstance: tecnica_postgres.Insertar_Data manual__2024-06-19T04:09:13.758055+00:00 [queued]>
[2024-06-19 04:09:16,212] {taskinstance.py:1376} INFO - 
--------------------------------------------------------------------------------
[2024-06-19 04:09:16,218] {taskinstance.py:1377} INFO - Starting attempt 1 of 2
[2024-06-19 04:09:16,225] {taskinstance.py:1378} INFO - 
--------------------------------------------------------------------------------
[2024-06-19 04:09:16,330] {taskinstance.py:1397} INFO - Executing <Task(PostgresFileOperator): Insertar_Data> on 2024-06-19 04:09:13.758055+00:00
[2024-06-19 04:09:16,338] {standard_task_runner.py:52} INFO - Started process 815 to run task
[2024-06-19 04:09:16,341] {standard_task_runner.py:79} INFO - Running: ['***', 'tasks', 'run', 'tecnica_postgres', 'Insertar_Data', 'manual__2024-06-19T04:09:13.758055+00:00', '--job-id', '16', '--raw', '--subdir', 'DAGS_FOLDER/tecnica_posgres.py', '--cfg-path', '/var/tmp/tmp5u41txb3', '--error-file', '/var/tmp/tmpowezdjwq']
[2024-06-19 04:09:16,343] {standard_task_runner.py:80} INFO - Job 16: Subtask Insertar_Data
[2024-06-19 04:09:16,507] {task_command.py:371} INFO - Running <TaskInstance: tecnica_postgres.Insertar_Data manual__2024-06-19T04:09:13.758055+00:00 [running]> on host c165e7139fa2
[2024-06-19 04:09:16,637] {taskinstance.py:1591} INFO - Exporting the following env vars:
AIRFLOW_CTX_DAG_OWNER=***
AIRFLOW_CTX_DAG_ID=tecnica_postgres
AIRFLOW_CTX_TASK_ID=Insertar_Data
AIRFLOW_CTX_EXECUTION_DATE=2024-06-19T04:09:13.758055+00:00
AIRFLOW_CTX_TRY_NUMBER=1
AIRFLOW_CTX_DAG_RUN_ID=manual__2024-06-19T04:09:13.758055+00:00
[2024-06-19 04:09:16,638] {postgres.py:127} INFO - Running copy expert: COPY tecnica_ml FROM STDIN, filename: /opt/***/data/file.csv
[2024-06-19 04:09:16,655] {base.py:68} INFO - Using connection ID 'postgres_localhost' for task execution.
[2024-06-19 04:09:16,850] {taskinstance.py:1420} INFO - Marking task as SUCCESS. dag_id=tecnica_postgres, task_id=Insertar_Data, execution_date=20240619T040913, start_date=20240619T040916, end_date=20240619T040916
[2024-06-19 04:09:16,875] {local_task_job.py:156} INFO - Task exited with return code 0
[2024-06-19 04:09:16,912] {local_task_job.py:273} INFO - 0 downstream tasks scheduled from follow-on schedule check
