[2024-06-19 02:47:52,563] {taskinstance.py:1179} INFO - Dependencies all met for <TaskInstance: tecnica_postgres.Crear_tabla manual__2024-06-19T02:47:51.790332+00:00 [queued]>
[2024-06-19 02:47:52,576] {taskinstance.py:1179} INFO - Dependencies all met for <TaskInstance: tecnica_postgres.Crear_tabla manual__2024-06-19T02:47:51.790332+00:00 [queued]>
[2024-06-19 02:47:52,576] {taskinstance.py:1376} INFO - 
--------------------------------------------------------------------------------
[2024-06-19 02:47:52,577] {taskinstance.py:1377} INFO - Starting attempt 1 of 2
[2024-06-19 02:47:52,577] {taskinstance.py:1378} INFO - 
--------------------------------------------------------------------------------
[2024-06-19 02:47:52,598] {taskinstance.py:1397} INFO - Executing <Task(PostgresOperator): Crear_tabla> on 2024-06-19 02:47:51.790332+00:00
[2024-06-19 02:47:52,603] {standard_task_runner.py:52} INFO - Started process 1238 to run task
[2024-06-19 02:47:52,606] {standard_task_runner.py:79} INFO - Running: ['***', 'tasks', 'run', 'tecnica_postgres', 'Crear_tabla', 'manual__2024-06-19T02:47:51.790332+00:00', '--job-id', '4', '--raw', '--subdir', 'DAGS_FOLDER/tecnica_posgres.py', '--cfg-path', '/var/tmp/tmpaggikfo0', '--error-file', '/var/tmp/tmpg8nrk5g_']
[2024-06-19 02:47:52,607] {standard_task_runner.py:80} INFO - Job 4: Subtask Crear_tabla
[2024-06-19 02:47:52,681] {task_command.py:371} INFO - Running <TaskInstance: tecnica_postgres.Crear_tabla manual__2024-06-19T02:47:51.790332+00:00 [running]> on host f8e18ce51c9d
[2024-06-19 02:47:52,780] {taskinstance.py:1591} INFO - Exporting the following env vars:
AIRFLOW_CTX_DAG_OWNER=***
AIRFLOW_CTX_DAG_ID=tecnica_postgres
AIRFLOW_CTX_TASK_ID=Crear_tabla
AIRFLOW_CTX_EXECUTION_DATE=2024-06-19T02:47:51.790332+00:00
AIRFLOW_CTX_TRY_NUMBER=1
AIRFLOW_CTX_DAG_RUN_ID=manual__2024-06-19T02:47:51.790332+00:00
[2024-06-19 02:47:52,791] {base.py:68} INFO - Using connection ID 'postgres_localhost' for task execution.
[2024-06-19 02:47:52,803] {dbapi.py:231} INFO - Running statement: 
        CREATE TABLE IF NOT EXISTS tecnica_ml (
            id VARCHAR(30),
            site_id VARCHAR(30),
            title VARCHAR(50),
            price VARCHAR(10),
            thumbnail VARCHAR(50),
            created_date VARCHAR(8),
            PRIMARY KEY (id, created_date)
        );
        , parameters: None
[2024-06-19 02:47:52,840] {taskinstance.py:1420} INFO - Marking task as SUCCESS. dag_id=tecnica_postgres, task_id=Crear_tabla, execution_date=20240619T024751, start_date=20240619T024752, end_date=20240619T024752
[2024-06-19 02:47:52,898] {local_task_job.py:156} INFO - Task exited with return code 0
[2024-06-19 02:47:52,941] {local_task_job.py:273} INFO - 0 downstream tasks scheduled from follow-on schedule check
