[2024-06-19 13:20:24,135] {taskinstance.py:1179} INFO - Dependencies all met for <TaskInstance: tecnica_postgres.Crear_tabla manual__2024-06-19T13:20:22.978206+00:00 [queued]>
[2024-06-19 13:20:24,147] {taskinstance.py:1179} INFO - Dependencies all met for <TaskInstance: tecnica_postgres.Crear_tabla manual__2024-06-19T13:20:22.978206+00:00 [queued]>
[2024-06-19 13:20:24,148] {taskinstance.py:1376} INFO - 
--------------------------------------------------------------------------------
[2024-06-19 13:20:24,148] {taskinstance.py:1377} INFO - Starting attempt 1 of 2
[2024-06-19 13:20:24,149] {taskinstance.py:1378} INFO - 
--------------------------------------------------------------------------------
[2024-06-19 13:20:24,179] {taskinstance.py:1397} INFO - Executing <Task(PostgresOperator): Crear_tabla> on 2024-06-19 13:20:22.978206+00:00
[2024-06-19 13:20:24,185] {standard_task_runner.py:52} INFO - Started process 201 to run task
[2024-06-19 13:20:24,187] {standard_task_runner.py:79} INFO - Running: ['***', 'tasks', 'run', 'tecnica_postgres', 'Crear_tabla', 'manual__2024-06-19T13:20:22.978206+00:00', '--job-id', '28', '--raw', '--subdir', 'DAGS_FOLDER/tecnica_posgres.py', '--cfg-path', '/var/tmp/tmph2ktb12n', '--error-file', '/var/tmp/tmpbbzw1glw']
[2024-06-19 13:20:24,189] {standard_task_runner.py:80} INFO - Job 28: Subtask Crear_tabla
[2024-06-19 13:20:24,272] {task_command.py:371} INFO - Running <TaskInstance: tecnica_postgres.Crear_tabla manual__2024-06-19T13:20:22.978206+00:00 [running]> on host 284150aff6b6
[2024-06-19 13:20:24,384] {taskinstance.py:1591} INFO - Exporting the following env vars:
AIRFLOW_CTX_DAG_OWNER=***
AIRFLOW_CTX_DAG_ID=tecnica_postgres
AIRFLOW_CTX_TASK_ID=Crear_tabla
AIRFLOW_CTX_EXECUTION_DATE=2024-06-19T13:20:22.978206+00:00
AIRFLOW_CTX_TRY_NUMBER=1
AIRFLOW_CTX_DAG_RUN_ID=manual__2024-06-19T13:20:22.978206+00:00
[2024-06-19 13:20:24,397] {base.py:68} INFO - Using connection ID 'postgres_localhost' for task execution.
[2024-06-19 13:20:24,420] {dbapi.py:231} INFO - Running statement: 
        CREATE TABLE IF NOT EXISTS tecnica_ml (
            id VARCHAR(255),
            title VARCHAR(255),
            price VARCHAR(255),
            thumbnail VARCHAR(255),
            created_date VARCHAR(50),
            PRIMARY KEY (id, created_date)
        );
        , parameters: None
[2024-06-19 13:20:24,647] {taskinstance.py:1420} INFO - Marking task as SUCCESS. dag_id=tecnica_postgres, task_id=Crear_tabla, execution_date=20240619T132022, start_date=20240619T132024, end_date=20240619T132024
[2024-06-19 13:20:24,724] {local_task_job.py:156} INFO - Task exited with return code 0
[2024-06-19 13:20:24,778] {local_task_job.py:273} INFO - 0 downstream tasks scheduled from follow-on schedule check
